<?xml version="1.0" encoding="UTF-8"?>
<!-- Generated by org.testng.reporters.JUnitXMLReporter -->
<testsuite ignored="0" hostname="TYSS-Chaithra" failures="0" tests="1" name="Test-runner-1" time="53.342" errors="0" timestamp="2024-03-14T15:20:47 IST">
  <testcase classname="contactsTests.CreateNewContactTest" name="createNewContactWithMandatoryfields" time="25.66"/>
</testsuite> <!-- Test-runner-1 -->
