<?xml version="1.0" encoding="UTF-8"?>
<!-- Generated by org.testng.reporters.JUnitXMLReporter -->
<testsuite ignored="0" hostname="TYSS-Chaithra" failures="0" tests="1" name="Test-runner-edge" time="30.815" errors="0" timestamp="2024-03-15T14:34:04 IST">
  <testcase classname="contactsTests.CreateNewContactTest" name="createNewContactWithMandatoryfields" time="19.318"/>
</testsuite> <!-- Test-runner-edge -->
