<?xml version="1.0" encoding="UTF-8"?>
<!-- Generated by org.testng.reporters.JUnitXMLReporter -->
<testsuite ignored="0" hostname="TYSS-Chaithra" failures="0" tests="1" name="Test-Runner-firefox" time="31.649" errors="0" timestamp="2024-03-15T14:34:04 IST">
  <testcase classname="contactsTests.CreateNewContactTest" name="createNewContactWithMandatoryfields" time="18.926"/>
</testsuite> <!-- Test-Runner-firefox -->
